{"name":"roleman-logger","hostname":"WIND2608","pid":24408,"level":30,"action":"User Added to Group","target":"ltester","groupAdded":"PwmAdmins","operator":"roleman","msg":"","time":"2017-06-23T18:42:01.536Z","v":0}
{"name":"roleman-logger","hostname":"WIND2608","pid":24408,"level":30,"action":"User Added to Group","target":"ltester2","groupAdded":"PwmAdmins","operator":"roleman","msg":"","time":"2017-06-23T18:42:01.542Z","v":0}
{"name":"roleman-logger","hostname":"WIND2608","pid":24408,"level":30,"action":"User Removed From Group","target":"ltester","groupAdded":"PwmAdmins","operator":"roleman","msg":"","time":"2017-06-23T18:42:01.584Z","v":0}
{"name":"roleman-logger","hostname":"WIND2608","pid":24408,"level":30,"action":"User Removed From Group","target":"ltester2","groupAdded":"PwmAdmins","operator":"roleman","msg":"","time":"2017-06-23T18:42:01.584Z","v":0}
{"name":"roleman-logger","hostname":"WIND2608","pid":24408,"level":30,"action":"Sucessfully Created New User","target":"ltester","properties":{"uid":"ltester","mail":"ltester@fake.edu","objectClass":["top","person","organizationalPerson","inetOrgPerson","inetUser","pwmUser"],"userPassword":"secret","nsAccountLock":"true","cn":"LDAP Tester","givenName":"LDAP","sn":"Tester","displayName":"LDAP Tester"},"operator":"<<unauthenticated>>","msg":"","time":"2017-06-23T18:42:01.865Z","v":0}
{"name":"roleman-logger","hostname":"WIND2608","pid":24408,"level":30,"action":"User Account Updated","target":"ltester","properties":[{"operation":"replace","modification":{"nsAccountLock":"false"}}],"operator":"<<unauthenticated>>","msg":"","time":"2017-06-23T18:42:01.874Z","v":0}
{"name":"roleman-logger","hostname":"WIND2608","pid":24408,"level":30,"action":"Authentication for user Sucessful","target":"ltester","operator":"<<unauthenticated>>","msg":"","time":"2017-06-23T18:42:01.881Z","v":0}
{"name":"roleman-logger","hostname":"WIND2608","pid":24408,"level":30,"action":"Authentication for user Sucessful","target":"roleman","operator":"<<unauthenticated>>","msg":"","time":"2017-06-23T18:42:01.883Z","v":0}
{"name":"roleman-logger","hostname":"WIND2608","pid":24408,"level":30,"action":"User Account Updated","target":"ltester","properties":[{"operation":"replace","modification":{"mail":"newemail@new.edu"}}],"operator":"<<unauthenticated>>","msg":"","time":"2017-06-23T18:42:01.894Z","v":0}
{"name":"roleman-logger","hostname":"WIND2608","pid":24408,"level":30,"action":"User Deleted","target":"ltester","operator":"<<unauthenticated>>","msg":"","time":"2017-06-23T18:42:01.924Z","v":0}
{"name":"roleman-logger","hostname":"WIND2608","pid":20424,"level":30,"action":"User Added to Group","target":"ltester","groupAdded":"PwmAdmins","operator":"roleman","msg":"","time":"2017-06-23T18:42:05.319Z","v":0}
{"name":"roleman-logger","hostname":"WIND2608","pid":20424,"level":30,"action":"User Added to Group","target":"ltester2","groupAdded":"PwmAdmins","operator":"roleman","msg":"","time":"2017-06-23T18:42:05.325Z","v":0}
{"name":"roleman-logger","hostname":"WIND2608","pid":20424,"level":30,"action":"User Removed From Group","target":"ltester","groupAdded":"PwmAdmins","operator":"roleman","msg":"","time":"2017-06-23T18:42:05.366Z","v":0}
{"name":"roleman-logger","hostname":"WIND2608","pid":20424,"level":30,"action":"User Removed From Group","target":"ltester2","groupAdded":"PwmAdmins","operator":"roleman","msg":"","time":"2017-06-23T18:42:05.366Z","v":0}
{"name":"roleman-logger","hostname":"WIND2608","pid":20424,"level":30,"action":"Sucessfully Created New User","target":"ltester","properties":{"uid":"ltester","mail":"ltester@fake.edu","objectClass":["top","person","organizationalPerson","inetOrgPerson","inetUser","pwmUser"],"userPassword":"secret","nsAccountLock":"true","cn":"LDAP Tester","givenName":"LDAP","sn":"Tester","displayName":"LDAP Tester"},"operator":"<<unauthenticated>>","msg":"","time":"2017-06-23T18:42:05.680Z","v":0}
{"name":"roleman-logger","hostname":"WIND2608","pid":20424,"level":30,"action":"User Account Updated","target":"ltester","properties":[{"operation":"replace","modification":{"nsAccountLock":"false"}}],"operator":"<<unauthenticated>>","msg":"","time":"2017-06-23T18:42:05.694Z","v":0}
{"name":"roleman-logger","hostname":"WIND2608","pid":20424,"level":30,"action":"Authentication for user Sucessful","target":"ltester","operator":"<<unauthenticated>>","msg":"","time":"2017-06-23T18:42:05.702Z","v":0}
{"name":"roleman-logger","hostname":"WIND2608","pid":20424,"level":30,"action":"Authentication for user Sucessful","target":"roleman","operator":"<<unauthenticated>>","msg":"","time":"2017-06-23T18:42:05.704Z","v":0}
{"name":"roleman-logger","hostname":"WIND2608","pid":20424,"level":30,"action":"User Account Updated","target":"ltester","properties":[{"operation":"replace","modification":{"mail":"newemail@new.edu"}}],"operator":"<<unauthenticated>>","msg":"","time":"2017-06-23T18:42:05.713Z","v":0}
{"name":"roleman-logger","hostname":"WIND2608","pid":20424,"level":30,"action":"User Deleted","target":"ltester","operator":"<<unauthenticated>>","msg":"","time":"2017-06-23T18:42:05.744Z","v":0}
