{"name":"roleman-logger","hostname":"WIND2608","pid":7756,"level":30,"action":"User Added to Group","target":"ltester","groupAdded":"PwmAdmins","operator":"roleman","msg":"","time":"2017-06-15T21:40:44.202Z","v":0}
{"name":"roleman-logger","hostname":"WIND2608","pid":7756,"level":30,"action":"User Added to Group","target":"ltester2","groupAdded":"PwmAdmins","operator":"roleman","msg":"","time":"2017-06-15T21:40:44.208Z","v":0}
{"name":"roleman-logger","hostname":"WIND2608","pid":7756,"level":30,"action":"User Removed From Group","target":"ltester","groupAdded":"PwmAdmins","operator":"roleman","msg":"","time":"2017-06-15T21:40:44.271Z","v":0}
{"name":"roleman-logger","hostname":"WIND2608","pid":7756,"level":30,"action":"User Removed From Group","target":"ltester2","groupAdded":"PwmAdmins","operator":"roleman","msg":"","time":"2017-06-15T21:40:44.272Z","v":0}
{"name":"roleman-logger","hostname":"WIND2608","pid":7756,"level":30,"action":"Sucessfully Created New User","target":"ltester","properties":{"uid":"ltester","mail":"ltester@fake.edu","objectClass":["top","person","organizationalPerson","inetOrgPerson","inetUser","pwmUser"],"userPassword":"secret","nsAccountLock":"true","cn":"LDAP Tester","givenName":"LDAP","sn":"Tester","displayName":"LDAP Tester"},"operator":"<<unauthenticated>>","msg":"","time":"2017-06-15T21:40:44.565Z","v":0}
{"name":"roleman-logger","hostname":"WIND2608","pid":7756,"level":30,"action":"User Account Updated","target":"ltester","properties":[{"operation":"replace","modification":{"nsAccountLock":"false"}}],"operator":"<<unauthenticated>>","msg":"","time":"2017-06-15T21:40:44.578Z","v":0}
{"name":"roleman-logger","hostname":"WIND2608","pid":7756,"level":40,"action":"Authentication Failure","target":"ltester","operator":"<<unauthenticated>>","msg":"","time":"2017-06-15T21:40:44.583Z","v":0}
{"name":"roleman-logger","hostname":"WIND2608","pid":7756,"level":30,"action":"Authentication for user Sucessful","target":"roleman","operator":"<<unauthenticated>>","msg":"","time":"2017-06-15T21:40:44.586Z","v":0}
{"name":"roleman-logger","hostname":"WIND2608","pid":7756,"level":30,"action":"User Account Updated","target":"ltester","properties":[{"operation":"replace","modification":{"mail":"newemail@new.edu"}}],"operator":"<<unauthenticated>>","msg":"","time":"2017-06-15T21:40:44.599Z","v":0}
{"name":"roleman-logger","hostname":"WIND2608","pid":7756,"level":30,"action":"User Deleted","target":"ltester","operator":"<<unauthenticated>>","msg":"","time":"2017-06-15T21:40:44.626Z","v":0}
{"name":"roleman-logger","hostname":"WIND2608","pid":2516,"level":30,"action":"User Added to Group","target":"ltester","groupAdded":"PwmAdmins","operator":"roleman","msg":"","time":"2017-06-15T21:41:24.718Z","v":0}
{"name":"roleman-logger","hostname":"WIND2608","pid":2516,"level":30,"action":"User Added to Group","target":"ltester2","groupAdded":"PwmAdmins","operator":"roleman","msg":"","time":"2017-06-15T21:41:24.724Z","v":0}
{"name":"roleman-logger","hostname":"WIND2608","pid":2516,"level":30,"action":"User Removed From Group","target":"ltester","groupAdded":"PwmAdmins","operator":"roleman","msg":"","time":"2017-06-15T21:41:24.770Z","v":0}
{"name":"roleman-logger","hostname":"WIND2608","pid":2516,"level":30,"action":"User Removed From Group","target":"ltester2","groupAdded":"PwmAdmins","operator":"roleman","msg":"","time":"2017-06-15T21:41:24.771Z","v":0}
{"name":"roleman-logger","hostname":"WIND2608","pid":2516,"level":30,"action":"Sucessfully Created New User","target":"ltester","properties":{"uid":"ltester","mail":"ltester@fake.edu","objectClass":["top","person","organizationalPerson","inetOrgPerson","inetUser","pwmUser"],"userPassword":"secret","nsAccountLock":"true","cn":"LDAP Tester","givenName":"LDAP","sn":"Tester","displayName":"LDAP Tester"},"operator":"<<unauthenticated>>","msg":"","time":"2017-06-15T21:41:25.053Z","v":0}
{"name":"roleman-logger","hostname":"WIND2608","pid":2516,"level":30,"action":"User Account Updated","target":"ltester","properties":[{"operation":"replace","modification":{"nsAccountLock":"false"}}],"operator":"<<unauthenticated>>","msg":"","time":"2017-06-15T21:41:25.065Z","v":0}
{"name":"roleman-logger","hostname":"WIND2608","pid":2516,"level":40,"action":"Authentication Failure","target":"ltester","operator":"<<unauthenticated>>","msg":"","time":"2017-06-15T21:41:25.070Z","v":0}
{"name":"roleman-logger","hostname":"WIND2608","pid":2516,"level":30,"action":"Authentication for user Sucessful","target":"roleman","operator":"<<unauthenticated>>","msg":"","time":"2017-06-15T21:41:25.073Z","v":0}
{"name":"roleman-logger","hostname":"WIND2608","pid":2516,"level":30,"action":"User Account Updated","target":"ltester","properties":[{"operation":"replace","modification":{"mail":"newemail@new.edu"}}],"operator":"<<unauthenticated>>","msg":"","time":"2017-06-15T21:41:25.086Z","v":0}
{"name":"roleman-logger","hostname":"WIND2608","pid":2516,"level":30,"action":"User Deleted","target":"ltester","operator":"<<unauthenticated>>","msg":"","time":"2017-06-15T21:41:25.111Z","v":0}
{"name":"roleman-logger","hostname":"WIND2608","pid":8436,"level":30,"action":"Authentication for user Sucessful","target":"roleman","operator":"<<unauthenticated>>","msg":"","time":"2017-06-15T22:02:06.189Z","v":0}
