{"name":"roleman-logger","hostname":"WIND2608","pid":6224,"level":30,"action":"Authentication for user Sucessful","target":"roleman","operator":"<<unauthenticated>>","msg":"","time":"2017-05-31T16:47:11.935Z","v":0}
{"name":"roleman-logger","hostname":"WIND2608","pid":6224,"level":40,"action":"Authentication Failure","target":"ttraver","operator":"<<unauthenticated>>","msg":"","time":"2017-05-31T16:47:38.584Z","v":0}
{"name":"roleman-logger","hostname":"WIND2608","pid":6224,"level":40,"action":"Authentication Failure","target":"ttraver","operator":"<<unauthenticated>>","msg":"","time":"2017-05-31T16:47:41.724Z","v":0}
{"name":"roleman-logger","hostname":"WIND2608","pid":6224,"level":40,"action":"Authentication Failure","target":"ttraver","operator":"<<unauthenticated>>","msg":"","time":"2017-05-31T16:47:44.668Z","v":0}
{"name":"roleman-logger","hostname":"WIND2608","pid":6224,"level":40,"action":"Authentication Failure","target":"ttraver","operator":"<<unauthenticated>>","msg":"","time":"2017-05-31T16:47:47.352Z","v":0}
{"name":"roleman-logger","hostname":"WIND2608","pid":6224,"level":40,"action":"Authentication Failure","target":"ttraver","operator":"<<unauthenticated>>","msg":"","time":"2017-05-31T16:47:49.849Z","v":0}
{"name":"roleman-logger","hostname":"WIND2608","pid":6224,"level":40,"action":"Authentication Failure","target":"ttraver","operator":"<<unauthenticated>>","msg":"","time":"2017-05-31T16:47:53.196Z","v":0}
{"name":"roleman-logger","hostname":"WIND2608","pid":6224,"level":40,"action":"Authentication Failure","target":"ttraver","operator":"<<unauthenticated>>","msg":"","time":"2017-05-31T16:47:56.371Z","v":0}
{"name":"roleman-logger","hostname":"WIND2608","pid":6224,"level":40,"action":"Authentication Failure","target":"ttraver","operator":"<<unauthenticated>>","msg":"","time":"2017-05-31T16:47:59.940Z","v":0}
{"name":"roleman-logger","hostname":"WIND2608","pid":6224,"level":40,"action":"Authentication Failure","target":"ttraver","operator":"<<unauthenticated>>","msg":"","time":"2017-05-31T16:48:03.891Z","v":0}
{"name":"roleman-logger","hostname":"WIND2608","pid":6224,"level":40,"action":"Authentication Failure","target":"ttraver","operator":"<<unauthenticated>>","msg":"","time":"2017-05-31T16:48:24.984Z","v":0}
{"name":"roleman-logger","hostname":"WIND2608","pid":6224,"level":40,"action":"Authentication Failure","target":"ttraver","operator":"<<unauthenticated>>","msg":"","time":"2017-05-31T16:48:31.863Z","v":0}
{"name":"roleman-logger","hostname":"WIND2608","pid":6224,"level":40,"action":"Authentication Failure","target":"ttraver","operator":"<<unauthenticated>>","msg":"","time":"2017-05-31T16:48:47.937Z","v":0}
{"name":"roleman-logger","hostname":"WIND2608","pid":6224,"level":40,"action":"Authentication Failure","target":"ttraver","operator":"<<unauthenticated>>","msg":"","time":"2017-05-31T16:48:52.569Z","v":0}
{"name":"roleman-logger","hostname":"WIND2608","pid":6224,"level":40,"action":"Authentication Failure","target":"ttraver","operator":"<<unauthenticated>>","msg":"","time":"2017-05-31T16:48:55.076Z","v":0}
{"name":"roleman-logger","hostname":"WIND2608","pid":6224,"level":40,"action":"Authentication Failure","target":"ttraver","operator":"<<unauthenticated>>","msg":"","time":"2017-05-31T16:49:09.509Z","v":0}
{"name":"roleman-logger","hostname":"WIND2608","pid":6224,"level":30,"action":"Authentication for user Sucessful","target":"roleman","operator":"<<unauthenticated>>","msg":"","time":"2017-05-31T16:49:22.838Z","v":0}
{"name":"roleman-logger","hostname":"WIND2608","pid":6224,"level":30,"action":"Sucessfully Created New User","target":"tuser1","properties":{"uid":"tuser1","mail":"tuser@test.edu","objectClass":["top","person","organizationalPerson","inetOrgPerson","inetUser","pwmUser"],"userPassword":"","nsAccountLock":"true","cn":"Test User","givenName":"Test","sn":"User","displayName":"Test User"},"operator":"roleman","msg":"","time":"2017-05-31T16:49:44.100Z","v":0}
{"name":"roleman-logger","hostname":"WIND2608","pid":6224,"level":30,"action":"User Deleted","target":"tuser1","operator":"roleman","msg":"","time":"2017-05-31T16:49:57.661Z","v":0}
{"name":"roleman-logger","hostname":"WIND2608","pid":6224,"level":30,"action":"User Deleted","target":"tuser","operator":"roleman","msg":"","time":"2017-05-31T16:49:59.238Z","v":0}
{"name":"roleman-logger","hostname":"WIND2608","pid":6224,"level":30,"action":"User Deleted","target":"tuser2","operator":"roleman","msg":"","time":"2017-05-31T16:50:02.414Z","v":0}
{"name":"roleman-logger","hostname":"WIND2608","pid":6224,"level":40,"action":"Authentication Failure","target":"ttraver","operator":"<<unauthenticated>>","msg":"","time":"2017-05-31T16:50:49.345Z","v":0}
{"name":"roleman-logger","hostname":"WIND2608","pid":6224,"level":40,"action":"Authentication Failure","target":"ttraver","operator":"<<unauthenticated>>","msg":"","time":"2017-05-31T16:50:53.906Z","v":0}
{"name":"roleman-logger","hostname":"WIND2608","pid":6224,"level":40,"action":"Authentication Failure","target":"ttraver","operator":"<<unauthenticated>>","msg":"","time":"2017-05-31T16:50:57.425Z","v":0}
{"name":"roleman-logger","hostname":"WIND2608","pid":6224,"level":40,"action":"Authentication Failure","target":"ttraver","operator":"<<unauthenticated>>","msg":"","time":"2017-05-31T16:51:02.892Z","v":0}
{"name":"roleman-logger","hostname":"WIND2608","pid":6224,"level":40,"action":"Authentication Failure","target":"ttraver","operator":"<<unauthenticated>>","msg":"","time":"2017-05-31T16:51:04.140Z","v":0}
{"name":"roleman-logger","hostname":"WIND2608","pid":6224,"level":40,"action":"Authentication Failure","target":"ttraver","operator":"<<unauthenticated>>","msg":"","time":"2017-05-31T16:51:07.077Z","v":0}
{"name":"roleman-logger","hostname":"WIND2608","pid":6224,"level":30,"action":"Authentication for user Sucessful","target":"roleman","operator":"<<unauthenticated>>","msg":"","time":"2017-05-31T16:51:52.312Z","v":0}
{"name":"roleman-logger","hostname":"WIND2608","pid":8688,"level":30,"action":"User Account Lock Changed","target":"ttraver","lockStatus":true,"operator":"roleman","msg":"","time":"2017-05-31T17:07:31.550Z","v":0}
{"name":"roleman-logger","hostname":"WIND2608","pid":8688,"level":30,"action":"User Account Lock Changed","target":"ttraver","lockStatus":false,"operator":"roleman","msg":"","time":"2017-05-31T17:07:33.236Z","v":0}
{"name":"roleman-logger","hostname":"WIND2608","pid":11708,"level":40,"action":"Authentication Failure","target":"ttraver","operator":"<<unauthenticated>>","msg":"","time":"2017-05-31T17:07:59.095Z","v":0}
{"name":"roleman-logger","hostname":"WIND2608","pid":11708,"level":40,"action":"Authentication Failure","target":"ttraver","operator":"<<unauthenticated>>","msg":"","time":"2017-05-31T17:08:21.396Z","v":0}
{"name":"roleman-logger","hostname":"WIND2608","pid":11708,"level":40,"action":"Authentication Failure","target":"ttraver","operator":"<<unauthenticated>>","msg":"","time":"2017-05-31T17:16:14.192Z","v":0}
{"name":"roleman-logger","hostname":"WIND2608","pid":11708,"level":40,"action":"Authentication Failure","target":"ttraver","operator":"<<unauthenticated>>","msg":"","time":"2017-05-31T17:16:15.279Z","v":0}
{"name":"roleman-logger","hostname":"WIND2608","pid":7592,"level":30,"action":"Authentication for user Sucessful","target":"roleman","operator":"<<unauthenticated>>","msg":"","time":"2017-05-31T17:31:11.847Z","v":0}
{"name":"roleman-logger","hostname":"WIND2608","pid":7592,"level":30,"action":"User Account Lock Changed","target":"ttraver","lockStatus":true,"operator":"roleman","msg":"","time":"2017-05-31T17:31:20.816Z","v":0}
{"name":"roleman-logger","hostname":"WIND2608","pid":7592,"level":30,"action":"User Account Lock Changed","target":"ttraver","lockStatus":false,"operator":"roleman","msg":"","time":"2017-05-31T17:31:21.508Z","v":0}
{"name":"roleman-logger","hostname":"WIND2608","pid":7592,"level":40,"action":"Authentication Failure","target":"ttraver","operator":"<<unauthenticated>>","msg":"","time":"2017-05-31T17:31:27.775Z","v":0}
{"name":"roleman-logger","hostname":"WIND2608","pid":7592,"level":40,"action":"Authentication Failure","target":"ttraver","operator":"<<unauthenticated>>","msg":"","time":"2017-05-31T17:32:01.307Z","v":0}
{"name":"roleman-logger","hostname":"WIND2608","pid":8788,"level":40,"action":"Authentication Failure","target":"ttraver","operator":"<<unauthenticated>>","msg":"","time":"2017-05-31T17:41:23.734Z","v":0}
{"name":"roleman-logger","hostname":"WIND2608","pid":8788,"level":40,"action":"Authentication Failure","target":"ttraver","operator":"<<unauthenticated>>","msg":"","time":"2017-05-31T17:41:50.192Z","v":0}
{"name":"roleman-logger","hostname":"WIND2608","pid":8788,"level":40,"action":"Authentication Failure","target":"ttraver","operator":"<<unauthenticated>>","msg":"","time":"2017-05-31T17:41:53.490Z","v":0}
{"name":"roleman-logger","hostname":"WIND2608","pid":9380,"level":30,"action":"Authentication for user Sucessful","target":"roleman","operator":"<<unauthenticated>>","msg":"","time":"2017-05-31T17:44:29.047Z","v":0}
{"name":"roleman-logger","hostname":"WIND2608","pid":9380,"level":30,"action":"User Account Lock Changed","target":"ttraver","lockStatus":true,"operator":"roleman","msg":"","time":"2017-05-31T17:44:30.972Z","v":0}
{"name":"roleman-logger","hostname":"WIND2608","pid":9380,"level":30,"action":"User Account Lock Changed","target":"ttraver","lockStatus":false,"operator":"roleman","msg":"","time":"2017-05-31T17:44:31.684Z","v":0}
{"name":"roleman-logger","hostname":"WIND2608","pid":9380,"level":40,"action":"Authentication Failure","target":"ttraver","operator":"<<unauthenticated>>","msg":"","time":"2017-05-31T17:44:41.921Z","v":0}
{"name":"roleman-logger","hostname":"WIND2608","pid":8356,"level":40,"action":"Authentication Failure","target":"ttraver","operator":"<<unauthenticated>>","msg":"","time":"2017-05-31T17:45:21.453Z","v":0}
{"name":"roleman-logger","hostname":"WIND2608","pid":11380,"level":30,"action":"Authentication for user Sucessful","target":"roleman","operator":"<<unauthenticated>>","msg":"","time":"2017-05-31T17:49:44.245Z","v":0}
{"name":"roleman-logger","hostname":"WIND2608","pid":11380,"level":30,"action":"User Account Lock Changed","target":"ttraver","lockStatus":true,"operator":"roleman","msg":"","time":"2017-05-31T17:49:46.748Z","v":0}
{"name":"roleman-logger","hostname":"WIND2608","pid":11380,"level":30,"action":"User Account Lock Changed","target":"ttraver","lockStatus":false,"operator":"roleman","msg":"","time":"2017-05-31T17:49:47.541Z","v":0}
{"name":"roleman-logger","hostname":"WIND2608","pid":3912,"level":40,"action":"Authentication Failure","target":"ttraver","operator":"<<unauthenticated>>","msg":"","time":"2017-05-31T17:50:12.953Z","v":0}
{"name":"roleman-logger","hostname":"WIND2608","pid":4316,"level":40,"action":"Authentication Failure","target":"ttraver","operator":"<<unauthenticated>>","msg":"","time":"2017-05-31T17:53:51.272Z","v":0}
{"name":"roleman-logger","hostname":"WIND2608","pid":11308,"level":40,"action":"Authentication Failure","target":"ttraver","operator":"<<unauthenticated>>","msg":"","time":"2017-05-31T17:54:38.314Z","v":0}
{"name":"roleman-logger","hostname":"WIND2608","pid":12868,"level":40,"action":"Authentication Failure","target":"ttraver","operator":"<<unauthenticated>>","msg":"","time":"2017-05-31T17:56:00.097Z","v":0}
{"name":"roleman-logger","hostname":"WIND2608","pid":10136,"level":30,"action":"Authentication for user Sucessful","target":"ttraver","operator":"<<unauthenticated>>","msg":"","time":"2017-05-31T17:56:47.521Z","v":0}
{"name":"roleman-logger","hostname":"WIND2608","pid":6212,"level":30,"action":"Authentication for user Sucessful","target":"ttraver","operator":"<<unauthenticated>>","msg":"","time":"2017-05-31T18:00:43.898Z","v":0}
{"name":"roleman-logger","hostname":"WIND2608","pid":8356,"level":40,"action":"Authentication Failure","target":"ttraver","error":{},"operator":"<<unauthenticated>>","msg":"","time":"2017-05-31T18:02:58.175Z","v":0}
{"name":"roleman-logger","hostname":"WIND2608","pid":8356,"level":40,"action":"Authentication Failure","target":"ttraver","error":{},"operator":"<<unauthenticated>>","msg":"","time":"2017-05-31T18:03:05.125Z","v":0}
{"name":"roleman-logger","hostname":"WIND2608","pid":8356,"level":40,"action":"Authentication Failure","target":"ttraver","error":{},"operator":"<<unauthenticated>>","msg":"","time":"2017-05-31T18:04:12.627Z","v":0}
{"name":"roleman-logger","hostname":"WIND2608","pid":4828,"level":40,"action":"Authentication Failure","target":"ttraver","error":{},"operator":"<<unauthenticated>>","msg":"","time":"2017-05-31T18:04:32.508Z","v":0}
{"name":"roleman-logger","hostname":"WIND2608","pid":9220,"level":30,"action":"Authentication for user Sucessful","target":"ttraver","operator":"<<unauthenticated>>","msg":"","time":"2017-05-31T18:04:57.316Z","v":0}
{"name":"roleman-logger","hostname":"WIND2608","pid":6188,"level":30,"action":"Authentication for user Sucessful","target":"ttraver","operator":"<<unauthenticated>>","msg":"","time":"2017-05-31T18:15:23.682Z","v":0}
{"name":"roleman-logger","hostname":"WIND2608","pid":7836,"level":30,"action":"Authentication for user Sucessful","target":"ttraver","operator":"<<unauthenticated>>","msg":"","time":"2017-05-31T18:18:47.534Z","v":0}
